2023-08-14 12:37:44,839 INFO  unknown unknown org.hibernate.validator.internal.util.Version @ HV000001: Hibernate Validator 6.0.23.Final
2023-08-14 12:37:45,054 INFO  unknown unknown org.apache.commons.beanutils.FluentPropertyBeanIntrospector @ Error when creating PropertyDescriptor for public final void org.apache.commons.configuration2.AbstractConfiguration.setProperty(java.lang.String,java.lang.Object)! Ignoring this property.
2023-08-14 12:37:45,156 INFO  unknown unknown org.apache.commons.beanutils.FluentPropertyBeanIntrospector @ Error when creating PropertyDescriptor for public final void org.apache.commons.configuration2.AbstractConfiguration.setProperty(java.lang.String,java.lang.Object)! Ignoring this property.
2023-08-14 12:37:45,171 INFO  unknown unknown org.apache.commons.beanutils.FluentPropertyBeanIntrospector @ Error when creating PropertyDescriptor for public final void org.apache.commons.configuration2.AbstractConfiguration.setProperty(java.lang.String,java.lang.Object)! Ignoring this property.
2023-08-14 12:37:45,174 INFO  unknown unknown org.apache.commons.beanutils.FluentPropertyBeanIntrospector @ Error when creating PropertyDescriptor for public final void org.apache.commons.configuration2.AbstractConfiguration.setProperty(java.lang.String,java.lang.Object)! Ignoring this property.
2023-08-14 12:37:45,177 INFO  unknown unknown org.apache.commons.beanutils.FluentPropertyBeanIntrospector @ Error when creating PropertyDescriptor for public final void org.apache.commons.configuration2.AbstractConfiguration.setProperty(java.lang.String,java.lang.Object)! Ignoring this property.
2023-08-14 12:37:45,192 INFO  unknown unknown org.apache.commons.beanutils.FluentPropertyBeanIntrospector @ Error when creating PropertyDescriptor for public final void org.apache.commons.configuration2.AbstractConfiguration.setProperty(java.lang.String,java.lang.Object)! Ignoring this property.
2023-08-14 12:37:46,410 INFO  unknown unknown org.ehcache.xml.XmlConfiguration @ Loading Ehcache XML configuration from /home/beqirajd/IdeaProjects/DspaceServer/config/ehcache.xml.
2023-08-14 12:37:46,755 INFO  unknown unknown org.terracotta.offheapstore.paging.UpfrontAllocatingPageSource @ Allocating 4MB in chunks
2023-08-14 12:37:46,772 INFO  unknown unknown org.ehcache.core.EhcacheManager @ Cache 'sherpa.searchByJournalISSN' created in Eh107InternalCacheManager.
2023-08-14 12:37:46,776 INFO  unknown unknown org.terracotta.offheapstore.paging.UpfrontAllocatingPageSource @ Allocating 10.0MB in chunks
2023-08-14 12:37:46,780 INFO  unknown unknown org.ehcache.core.EhcacheManager @ Cache 'manifests' created in Eh107InternalCacheManager.
2023-08-14 12:37:46,782 INFO  unknown unknown org.terracotta.offheapstore.paging.UpfrontAllocatingPageSource @ Allocating 4MB in chunks
2023-08-14 12:37:46,785 INFO  unknown unknown org.ehcache.core.EhcacheManager @ Cache 'canvasdimensions' created in Eh107InternalCacheManager.
2023-08-14 12:37:46,806 INFO  unknown unknown org.ehcache.jsr107.Eh107CacheManager @ Registering Ehcache MBean javax.cache:type=CacheStatistics,CacheManager=file./home/beqirajd/IdeaProjects/DspaceServer/config/ehcache.xml,Cache=sherpa.searchByJournalISSN
2023-08-14 12:37:46,807 INFO  unknown unknown org.ehcache.jsr107.Eh107CacheManager @ Registering Ehcache MBean javax.cache:type=CacheStatistics,CacheManager=file./home/beqirajd/IdeaProjects/DspaceServer/config/ehcache.xml,Cache=manifests
2023-08-14 12:37:46,807 INFO  unknown unknown org.ehcache.jsr107.Eh107CacheManager @ Registering Ehcache MBean javax.cache:type=CacheStatistics,CacheManager=file./home/beqirajd/IdeaProjects/DspaceServer/config/ehcache.xml,Cache=canvasdimensions
2023-08-14 12:37:46,815 INFO  unknown unknown org.ehcache.jsr107.Eh107CacheManager @ Registering Ehcache MBean javax.cache:type=CacheStatistics,CacheManager=file./home/beqirajd/IdeaProjects/DspaceServer/config/ehcache.xml,Cache=sherpa.searchByJournalISSN
2023-08-14 12:37:46,815 INFO  unknown unknown org.ehcache.jsr107.Eh107CacheManager @ Registering Ehcache MBean javax.cache:type=CacheStatistics,CacheManager=file./home/beqirajd/IdeaProjects/DspaceServer/config/ehcache.xml,Cache=manifests
2023-08-14 12:37:46,816 INFO  unknown unknown org.ehcache.jsr107.Eh107CacheManager @ Registering Ehcache MBean javax.cache:type=CacheStatistics,CacheManager=file./home/beqirajd/IdeaProjects/DspaceServer/config/ehcache.xml,Cache=canvasdimensions
2023-08-14 12:37:47,192 INFO  unknown unknown org.springframework.beans.factory.annotation.AutowiredAnnotationBeanPostProcessor @ Autowired annotation should only be used on methods with parameters: public java.lang.String org.dspace.storage.bitstore.S3BitStoreService.getBucketName()
2023-08-14 12:37:47,728 INFO  unknown unknown org.dspace.importer.external.service.ImportService @ Loading 6 import sources.
2023-08-14 12:37:48,518 INFO  unknown unknown org.springframework.beans.factory.annotation.AutowiredAnnotationBeanPostProcessor @ Autowired annotation is not supported on static methods: public static void org.dspace.rdf.storage.DOIURIGenerator.setFallback(org.dspace.rdf.storage.URIGenerator)
2023-08-14 12:37:48,523 INFO  unknown unknown org.springframework.beans.factory.annotation.AutowiredAnnotationBeanPostProcessor @ Autowired annotation is not supported on static methods: public static void org.dspace.rdf.storage.DOIHandleURIGenerator.setFallback(org.dspace.rdf.storage.URIGenerator)
2023-08-14 12:37:48,646 INFO  unknown unknown org.dspace.service.impl.ClientInfoServiceImpl @ Trusted proxies (configure via 'proxies.trusted.ipranges'): 127.0.0.1-127.0.0.1, 127.0.0.1-127.0.0.1
2023-08-14 12:37:48,650 INFO  unknown unknown org.dspace.statistics.SolrStatisticsCore @ solr-statistics.server:  http://localhost:8983/solr/statistics
2023-08-14 12:37:48,650 INFO  unknown unknown org.dspace.statistics.SolrStatisticsCore @ usage-statistics.dbfile:  null
2023-08-14 12:37:48,659 ERROR unknown unknown org.dspace.statistics.SolrLoggerServiceImpl @ java.lang.IllegalStateException: The required 'dbfile' configuration is missing in solr-statistics.cfg!
2023-08-14 12:37:48,789 INFO  unknown unknown org.dspace.app.rest.Application @ No active profile set, falling back to 1 default profile: "default"
2023-08-14 12:37:50,521 INFO  unknown unknown org.springframework.boot.web.servlet.context.ServletWebServerApplicationContext @ Root WebApplicationContext: initialization completed in 1713 ms
2023-08-14 12:37:51,869 INFO  unknown unknown org.springframework.aop.framework.CglibAopProxy @ Unable to proxy interface-implementing method [public final java.lang.Iterable org.dspace.app.rest.repository.DSpaceRestRepository.findAll(org.springframework.data.domain.Sort)] because it is marked as final: Consider using interface-based JDK proxies instead!
2023-08-14 12:37:51,870 INFO  unknown unknown org.springframework.aop.framework.CglibAopProxy @ Unable to proxy interface-implementing method [public final java.lang.Iterable org.dspace.app.rest.repository.DSpaceRestRepository.findAll()] because it is marked as final: Consider using interface-based JDK proxies instead!
2023-08-14 12:37:52,969 WARN  unknown unknown org.springframework.security.config.annotation.web.builders.WebSecurity @ You are asking Spring Security to ignore Ant [pattern='/api/authn/login', GET]. This is not recommended -- please use permitAll via HttpSecurity#authorizeHttpRequests instead.
2023-08-14 12:37:52,970 INFO  unknown unknown org.springframework.security.web.DefaultSecurityFilterChain @ Will not secure Ant [pattern='/api/authn/login', GET]
2023-08-14 12:37:52,971 WARN  unknown unknown org.springframework.security.config.annotation.web.builders.WebSecurity @ You are asking Spring Security to ignore Ant [pattern='/api/authn/login', PUT]. This is not recommended -- please use permitAll via HttpSecurity#authorizeHttpRequests instead.
2023-08-14 12:37:52,971 INFO  unknown unknown org.springframework.security.web.DefaultSecurityFilterChain @ Will not secure Ant [pattern='/api/authn/login', PUT]
2023-08-14 12:37:52,971 WARN  unknown unknown org.springframework.security.config.annotation.web.builders.WebSecurity @ You are asking Spring Security to ignore Ant [pattern='/api/authn/login', PATCH]. This is not recommended -- please use permitAll via HttpSecurity#authorizeHttpRequests instead.
2023-08-14 12:37:52,971 INFO  unknown unknown org.springframework.security.web.DefaultSecurityFilterChain @ Will not secure Ant [pattern='/api/authn/login', PATCH]
2023-08-14 12:37:52,971 WARN  unknown unknown org.springframework.security.config.annotation.web.builders.WebSecurity @ You are asking Spring Security to ignore Ant [pattern='/api/authn/login', DELETE]. This is not recommended -- please use permitAll via HttpSecurity#authorizeHttpRequests instead.
2023-08-14 12:37:52,971 INFO  unknown unknown org.springframework.security.web.DefaultSecurityFilterChain @ Will not secure Ant [pattern='/api/authn/login', DELETE]
2023-08-14 12:37:53,224 INFO  unknown unknown org.springframework.boot.autoconfigure.web.servlet.WelcomePageHandlerMapping @ Adding welcome page: ServletContext resource [/index.html]
2023-08-14 12:37:53,823 INFO  unknown unknown org.hibernate.Version @ HHH000412: Hibernate ORM core version 5.6.5.Final
2023-08-14 12:37:54,092 INFO  unknown unknown org.hibernate.annotations.common.Version @ HCANN000001: Hibernate Commons Annotations {5.1.2.Final}
2023-08-14 12:37:54,276 INFO  unknown unknown org.hibernate.dialect.Dialect @ HHH000400: Using dialect: org.hibernate.dialect.PostgreSQL94Dialect
2023-08-14 12:37:54,461 WARN  unknown unknown org.hibernate.cfg.annotations.EntityBinder @ HHH000482: @org.hibernate.annotations.Cache used on a non-root entity: ignored for [org.dspace.content.Collection]. Please see the Hibernate documentation for proper usage.
2023-08-14 12:37:54,463 WARN  unknown unknown org.hibernate.cfg.annotations.EntityBinder @ HHH000482: @org.hibernate.annotations.Cache used on a non-root entity: ignored for [org.dspace.content.Community]. Please see the Hibernate documentation for proper usage.
2023-08-14 12:37:54,473 WARN  unknown unknown org.hibernate.cfg.annotations.EntityBinder @ HHH000482: @org.hibernate.annotations.Cache used on a non-root entity: ignored for [org.dspace.content.Site]. Please see the Hibernate documentation for proper usage.
2023-08-14 12:37:54,475 WARN  unknown unknown org.hibernate.cfg.annotations.EntityBinder @ HHH000482: @org.hibernate.annotations.Cache used on a non-root entity: ignored for [org.dspace.eperson.EPerson]. Please see the Hibernate documentation for proper usage.
2023-08-14 12:37:54,476 WARN  unknown unknown org.hibernate.cfg.annotations.EntityBinder @ HHH000482: @org.hibernate.annotations.Cache used on a non-root entity: ignored for [org.dspace.eperson.Group]. Please see the Hibernate documentation for proper usage.
2023-08-14 12:37:54,606 INFO  unknown unknown org.ehcache.xml.XmlConfiguration @ Loading Ehcache XML configuration from /home/beqirajd/IdeaProjects/DspaceServer/config/hibernate-ehcache-config.xml.
2023-08-14 12:37:54,660 INFO  unknown unknown org.ehcache.core.EhcacheManager @ Cache 'org.dspace.content.MetadataSchema' created in Eh107InternalCacheManager.
2023-08-14 12:37:54,661 INFO  unknown unknown org.ehcache.core.EhcacheManager @ Cache 'default-query-results-region' created in Eh107InternalCacheManager.
2023-08-14 12:37:54,662 INFO  unknown unknown org.ehcache.core.EhcacheManager @ Cache 'org.dspace.content.MetadataField' created in Eh107InternalCacheManager.
2023-08-14 12:37:54,663 INFO  unknown unknown org.ehcache.core.EhcacheManager @ Cache 'org.dspace.content.Site' created in Eh107InternalCacheManager.
2023-08-14 12:37:54,664 INFO  unknown unknown org.ehcache.core.EhcacheManager @ Cache 'org.dspace.eperson.EPerson' created in Eh107InternalCacheManager.
2023-08-14 12:37:54,664 INFO  unknown unknown org.ehcache.core.EhcacheManager @ Cache 'org.dspace.content.Community' created in Eh107InternalCacheManager.
2023-08-14 12:37:54,665 INFO  unknown unknown org.ehcache.core.EhcacheManager @ Cache 'default-update-timestamps-region' created in Eh107InternalCacheManager.
2023-08-14 12:37:54,666 INFO  unknown unknown org.ehcache.core.EhcacheManager @ Cache 'org.dspace.content.Collection' created in Eh107InternalCacheManager.
2023-08-14 12:37:54,667 INFO  unknown unknown org.ehcache.core.EhcacheManager @ Cache 'org.dspace.eperson.Group' created in Eh107InternalCacheManager.
2023-08-14 12:37:54,672 INFO  unknown unknown org.ehcache.jsr107.Eh107CacheManager @ Registering Ehcache MBean javax.cache:type=CacheStatistics,CacheManager=file./home/beqirajd/IdeaProjects/DspaceServer/config/hibernate-ehcache-config.xml,Cache=org.dspace.content.MetadataSchema
2023-08-14 12:37:54,673 INFO  unknown unknown org.ehcache.jsr107.Eh107CacheManager @ Registering Ehcache MBean javax.cache:type=CacheStatistics,CacheManager=file./home/beqirajd/IdeaProjects/DspaceServer/config/hibernate-ehcache-config.xml,Cache=org.dspace.content.Community
2023-08-14 12:37:54,673 INFO  unknown unknown org.ehcache.jsr107.Eh107CacheManager @ Registering Ehcache MBean javax.cache:type=CacheStatistics,CacheManager=file./home/beqirajd/IdeaProjects/DspaceServer/config/hibernate-ehcache-config.xml,Cache=default-query-results-region
2023-08-14 12:37:54,673 INFO  unknown unknown org.ehcache.jsr107.Eh107CacheManager @ Registering Ehcache MBean javax.cache:type=CacheStatistics,CacheManager=file./home/beqirajd/IdeaProjects/DspaceServer/config/hibernate-ehcache-config.xml,Cache=org.dspace.content.MetadataField
2023-08-14 12:37:54,673 INFO  unknown unknown org.ehcache.jsr107.Eh107CacheManager @ Registering Ehcache MBean javax.cache:type=CacheStatistics,CacheManager=file./home/beqirajd/IdeaProjects/DspaceServer/config/hibernate-ehcache-config.xml,Cache=default-update-timestamps-region
2023-08-14 12:37:54,673 INFO  unknown unknown org.ehcache.jsr107.Eh107CacheManager @ Registering Ehcache MBean javax.cache:type=CacheStatistics,CacheManager=file./home/beqirajd/IdeaProjects/DspaceServer/config/hibernate-ehcache-config.xml,Cache=org.dspace.content.Collection
2023-08-14 12:37:54,673 INFO  unknown unknown org.ehcache.jsr107.Eh107CacheManager @ Registering Ehcache MBean javax.cache:type=CacheStatistics,CacheManager=file./home/beqirajd/IdeaProjects/DspaceServer/config/hibernate-ehcache-config.xml,Cache=org.dspace.content.Site
2023-08-14 12:37:54,673 INFO  unknown unknown org.ehcache.jsr107.Eh107CacheManager @ Registering Ehcache MBean javax.cache:type=CacheStatistics,CacheManager=file./home/beqirajd/IdeaProjects/DspaceServer/config/hibernate-ehcache-config.xml,Cache=org.dspace.eperson.EPerson
2023-08-14 12:37:54,673 INFO  unknown unknown org.ehcache.jsr107.Eh107CacheManager @ Registering Ehcache MBean javax.cache:type=CacheStatistics,CacheManager=file./home/beqirajd/IdeaProjects/DspaceServer/config/hibernate-ehcache-config.xml,Cache=org.dspace.eperson.Group
2023-08-14 12:37:54,820 WARN  unknown unknown org.hibernate.orm.cache @ HHH90001006: Missing cache[org.dspace.alerts.SystemWideAlert] was created on-the-fly. The created cache will use a provider-specific default configuration: make sure you defined one. You can disable this warning by setting 'hibernate.javax.cache.missing_cache_strategy' to 'create'.
2023-08-14 12:37:54,822 INFO  unknown unknown org.ehcache.jsr107.ConfigurationMerger @ Configuration of cache org.dspace.alerts.SystemWideAlert will be supplemented by template default
2023-08-14 12:37:54,822 INFO  unknown unknown org.ehcache.jsr107.ConfigurationMerger @ Cache org.dspace.alerts.SystemWideAlert will use expiry configuration from template default
2023-08-14 12:37:54,825 INFO  unknown unknown org.ehcache.core.EhcacheManager @ Cache 'org.dspace.alerts.SystemWideAlert' created in Eh107InternalCacheManager.
2023-08-14 12:37:55,527 INFO  unknown unknown org.springframework.boot.actuate.endpoint.web.EndpointLinksResolver @ Exposing 2 endpoint(s) beneath base path '/actuator'
2023-08-14 12:37:55,572 INFO  unknown unknown org.springframework.security.web.DefaultSecurityFilterChain @ Will secure Or [Ant [pattern='/api/**'], Ant [pattern='/iiif/**'], Ant [pattern='/actuator/**']] with [org.springframework.security.web.context.request.async.WebAsyncManagerIntegrationFilter@54d5f67a, org.springframework.security.web.context.SecurityContextPersistenceFilter@686de0a1, org.springframework.security.web.header.HeaderWriterFilter@567ff795, org.springframework.web.filter.CorsFilter@1841174e, org.springframework.security.web.csrf.CsrfFilter@1dea33db, org.dspace.app.rest.security.StatelessAuthenticationFilter@6f4ac7a8, org.dspace.app.rest.security.StatelessLoginFilter@4000acfa, org.dspace.app.rest.security.ShibbolethLoginFilter@3b1df4a6, org.dspace.app.rest.security.OrcidLoginFilter@2b767fec, org.dspace.app.rest.security.OidcLoginFilter@12388aad, org.springframework.security.web.authentication.logout.LogoutFilter@3467d272, org.dspace.app.rest.security.AnonymousAdditionalAuthorizationFilter@579a936c, org.springframework.security.web.savedrequest.RequestCacheAwareFilter@5f62d230, org.springframework.security.web.servletapi.SecurityContextHolderAwareRequestFilter@4a54165c, org.springframework.security.web.authentication.AnonymousAuthenticationFilter@376f5fd, org.springframework.security.web.session.SessionManagementFilter@47833232, org.springframework.security.web.access.ExceptionTranslationFilter@4d16de1b, org.springframework.security.web.access.intercept.FilterSecurityInterceptor@648dd32]
2023-08-14 12:37:55,601 WARN  unknown unknown org.dspace.app.rest.converter.ConverterService @ Skipping registration of resource class org.dspace.app.rest.model.hateoas.DSpaceResource; rest class not found: org.dspace.app.rest.model.DSpaceRest
2023-08-14 12:37:55,602 WARN  unknown unknown org.dspace.app.rest.converter.ConverterService @ Skipping registration of resource class org.dspace.app.rest.model.hateoas.FacetsResource; rest class not found: org.dspace.app.rest.model.FacetsRest
2023-08-14 12:37:55,606 WARN  unknown unknown org.dspace.app.rest.converter.ConverterService @ Skipping registration of resource class org.dspace.app.rest.model.hateoas.SearchFacetValueResource; compatible constructor not found
2023-08-14 12:37:55,606 WARN  unknown unknown org.dspace.app.rest.converter.ConverterService @ Skipping registration of resource class org.dspace.app.rest.model.hateoas.SearchResultsResource; compatible constructor not found
2023-08-14 12:37:55,754 INFO  unknown unknown org.springframework.aop.framework.CglibAopProxy @ Unable to proxy interface-implementing method [public final java.lang.Iterable org.dspace.app.rest.repository.DSpaceRestRepository.findAll(org.springframework.data.domain.Sort)] because it is marked as final: Consider using interface-based JDK proxies instead!
2023-08-14 12:37:55,755 INFO  unknown unknown org.springframework.aop.framework.CglibAopProxy @ Unable to proxy interface-implementing method [public final java.lang.Iterable org.dspace.app.rest.repository.DSpaceRestRepository.findAll()] because it is marked as final: Consider using interface-based JDK proxies instead!
2023-08-14 12:37:55,807 INFO  unknown unknown org.springframework.aop.framework.CglibAopProxy @ Unable to proxy interface-implementing method [public final java.lang.Iterable org.dspace.app.rest.repository.DSpaceRestRepository.findAll(org.springframework.data.domain.Sort)] because it is marked as final: Consider using interface-based JDK proxies instead!
2023-08-14 12:37:55,808 INFO  unknown unknown org.springframework.aop.framework.CglibAopProxy @ Unable to proxy interface-implementing method [public final java.lang.Iterable org.dspace.app.rest.repository.DSpaceRestRepository.findAll()] because it is marked as final: Consider using interface-based JDK proxies instead!
2023-08-14 12:37:55,841 INFO  unknown unknown org.springframework.aop.framework.CglibAopProxy @ Unable to proxy interface-implementing method [public final java.lang.Iterable org.dspace.app.rest.repository.DSpaceRestRepository.findAll(org.springframework.data.domain.Sort)] because it is marked as final: Consider using interface-based JDK proxies instead!
2023-08-14 12:37:55,841 INFO  unknown unknown org.springframework.aop.framework.CglibAopProxy @ Unable to proxy interface-implementing method [public final java.lang.Iterable org.dspace.app.rest.repository.DSpaceRestRepository.findAll()] because it is marked as final: Consider using interface-based JDK proxies instead!
2023-08-14 12:37:55,896 INFO  unknown unknown org.springframework.aop.framework.CglibAopProxy @ Unable to proxy interface-implementing method [public final java.lang.Iterable org.dspace.app.rest.repository.DSpaceRestRepository.findAll(org.springframework.data.domain.Sort)] because it is marked as final: Consider using interface-based JDK proxies instead!
2023-08-14 12:37:55,896 INFO  unknown unknown org.springframework.aop.framework.CglibAopProxy @ Unable to proxy interface-implementing method [public final java.lang.Iterable org.dspace.app.rest.repository.DSpaceRestRepository.findAll()] because it is marked as final: Consider using interface-based JDK proxies instead!
2023-08-14 12:37:56,125 INFO  unknown unknown org.springframework.aop.framework.CglibAopProxy @ Unable to proxy interface-implementing method [public final java.lang.Iterable org.dspace.app.rest.repository.DSpaceRestRepository.findAll(org.springframework.data.domain.Sort)] because it is marked as final: Consider using interface-based JDK proxies instead!
2023-08-14 12:37:56,125 INFO  unknown unknown org.springframework.aop.framework.CglibAopProxy @ Unable to proxy interface-implementing method [public final java.lang.Iterable org.dspace.app.rest.repository.DSpaceRestRepository.findAll()] because it is marked as final: Consider using interface-based JDK proxies instead!
2023-08-14 12:37:56,170 INFO  unknown unknown org.springframework.aop.framework.CglibAopProxy @ Unable to proxy interface-implementing method [public final java.lang.Iterable org.dspace.app.rest.repository.DSpaceRestRepository.findAll(org.springframework.data.domain.Sort)] because it is marked as final: Consider using interface-based JDK proxies instead!
2023-08-14 12:37:56,170 INFO  unknown unknown org.springframework.aop.framework.CglibAopProxy @ Unable to proxy interface-implementing method [public final java.lang.Iterable org.dspace.app.rest.repository.DSpaceRestRepository.findAll()] because it is marked as final: Consider using interface-based JDK proxies instead!
2023-08-14 12:37:56,193 INFO  unknown unknown org.springframework.aop.framework.CglibAopProxy @ Unable to proxy interface-implementing method [public final java.lang.Iterable org.dspace.app.rest.repository.DSpaceRestRepository.findAll(org.springframework.data.domain.Sort)] because it is marked as final: Consider using interface-based JDK proxies instead!
2023-08-14 12:37:56,193 INFO  unknown unknown org.springframework.aop.framework.CglibAopProxy @ Unable to proxy interface-implementing method [public final java.lang.Iterable org.dspace.app.rest.repository.DSpaceRestRepository.findAll()] because it is marked as final: Consider using interface-based JDK proxies instead!
2023-08-14 12:37:56,224 INFO  unknown unknown org.springframework.aop.framework.CglibAopProxy @ Unable to proxy interface-implementing method [public final java.lang.Iterable org.dspace.app.rest.repository.DSpaceRestRepository.findAll(org.springframework.data.domain.Sort)] because it is marked as final: Consider using interface-based JDK proxies instead!
2023-08-14 12:37:56,224 INFO  unknown unknown org.springframework.aop.framework.CglibAopProxy @ Unable to proxy interface-implementing method [public final java.lang.Iterable org.dspace.app.rest.repository.DSpaceRestRepository.findAll()] because it is marked as final: Consider using interface-based JDK proxies instead!
2023-08-14 12:37:56,277 INFO  unknown unknown org.springframework.aop.framework.CglibAopProxy @ Unable to proxy interface-implementing method [public final java.lang.Iterable org.dspace.app.rest.repository.DSpaceRestRepository.findAll(org.springframework.data.domain.Sort)] because it is marked as final: Consider using interface-based JDK proxies instead!
2023-08-14 12:37:56,277 INFO  unknown unknown org.springframework.aop.framework.CglibAopProxy @ Unable to proxy interface-implementing method [public final java.lang.Iterable org.dspace.app.rest.repository.DSpaceRestRepository.findAll()] because it is marked as final: Consider using interface-based JDK proxies instead!
2023-08-14 12:37:56,307 INFO  unknown unknown org.springframework.aop.framework.CglibAopProxy @ Unable to proxy interface-implementing method [public final java.lang.Iterable org.dspace.app.rest.repository.DSpaceRestRepository.findAll(org.springframework.data.domain.Sort)] because it is marked as final: Consider using interface-based JDK proxies instead!
2023-08-14 12:37:56,307 INFO  unknown unknown org.springframework.aop.framework.CglibAopProxy @ Unable to proxy interface-implementing method [public final java.lang.Iterable org.dspace.app.rest.repository.DSpaceRestRepository.findAll()] because it is marked as final: Consider using interface-based JDK proxies instead!
2023-08-14 12:37:56,331 INFO  unknown unknown org.springframework.aop.framework.CglibAopProxy @ Unable to proxy interface-implementing method [public final java.lang.Iterable org.dspace.app.rest.repository.DSpaceRestRepository.findAll(org.springframework.data.domain.Sort)] because it is marked as final: Consider using interface-based JDK proxies instead!
2023-08-14 12:37:56,331 INFO  unknown unknown org.springframework.aop.framework.CglibAopProxy @ Unable to proxy interface-implementing method [public final java.lang.Iterable org.dspace.app.rest.repository.DSpaceRestRepository.findAll()] because it is marked as final: Consider using interface-based JDK proxies instead!
2023-08-14 12:37:56,504 INFO  unknown unknown org.springframework.aop.framework.CglibAopProxy @ Unable to proxy interface-implementing method [public final java.lang.Iterable org.dspace.app.rest.repository.DSpaceRestRepository.findAll(org.springframework.data.domain.Sort)] because it is marked as final: Consider using interface-based JDK proxies instead!
2023-08-14 12:37:56,504 INFO  unknown unknown org.springframework.aop.framework.CglibAopProxy @ Unable to proxy interface-implementing method [public final java.lang.Iterable org.dspace.app.rest.repository.DSpaceRestRepository.findAll()] because it is marked as final: Consider using interface-based JDK proxies instead!
2023-08-14 12:37:56,521 INFO  unknown unknown org.springframework.aop.framework.CglibAopProxy @ Unable to proxy interface-implementing method [public final java.lang.Iterable org.dspace.app.rest.repository.DSpaceRestRepository.findAll(org.springframework.data.domain.Sort)] because it is marked as final: Consider using interface-based JDK proxies instead!
2023-08-14 12:37:56,521 INFO  unknown unknown org.springframework.aop.framework.CglibAopProxy @ Unable to proxy interface-implementing method [public final java.lang.Iterable org.dspace.app.rest.repository.DSpaceRestRepository.findAll()] because it is marked as final: Consider using interface-based JDK proxies instead!
2023-08-14 12:37:56,543 INFO  unknown unknown org.springframework.aop.framework.CglibAopProxy @ Unable to proxy interface-implementing method [public final java.lang.Iterable org.dspace.app.rest.repository.DSpaceRestRepository.findAll(org.springframework.data.domain.Sort)] because it is marked as final: Consider using interface-based JDK proxies instead!
2023-08-14 12:37:56,543 INFO  unknown unknown org.springframework.aop.framework.CglibAopProxy @ Unable to proxy interface-implementing method [public final java.lang.Iterable org.dspace.app.rest.repository.DSpaceRestRepository.findAll()] because it is marked as final: Consider using interface-based JDK proxies instead!
2023-08-14 12:37:56,565 INFO  unknown unknown org.springframework.aop.framework.CglibAopProxy @ Unable to proxy interface-implementing method [public final java.lang.Iterable org.dspace.app.rest.repository.DSpaceRestRepository.findAll(org.springframework.data.domain.Sort)] because it is marked as final: Consider using interface-based JDK proxies instead!
2023-08-14 12:37:56,565 INFO  unknown unknown org.springframework.aop.framework.CglibAopProxy @ Unable to proxy interface-implementing method [public final java.lang.Iterable org.dspace.app.rest.repository.DSpaceRestRepository.findAll()] because it is marked as final: Consider using interface-based JDK proxies instead!
2023-08-14 12:37:56,598 INFO  unknown unknown org.springframework.aop.framework.CglibAopProxy @ Unable to proxy interface-implementing method [public final java.lang.Iterable org.dspace.app.rest.repository.DSpaceRestRepository.findAll(org.springframework.data.domain.Sort)] because it is marked as final: Consider using interface-based JDK proxies instead!
2023-08-14 12:37:56,598 INFO  unknown unknown org.springframework.aop.framework.CglibAopProxy @ Unable to proxy interface-implementing method [public final java.lang.Iterable org.dspace.app.rest.repository.DSpaceRestRepository.findAll()] because it is marked as final: Consider using interface-based JDK proxies instead!
2023-08-14 12:37:56,677 INFO  unknown unknown org.springframework.aop.framework.CglibAopProxy @ Unable to proxy interface-implementing method [public final java.lang.Iterable org.dspace.app.rest.repository.DSpaceRestRepository.findAll(org.springframework.data.domain.Sort)] because it is marked as final: Consider using interface-based JDK proxies instead!
2023-08-14 12:37:56,677 INFO  unknown unknown org.springframework.aop.framework.CglibAopProxy @ Unable to proxy interface-implementing method [public final java.lang.Iterable org.dspace.app.rest.repository.DSpaceRestRepository.findAll()] because it is marked as final: Consider using interface-based JDK proxies instead!
2023-08-14 12:37:56,697 INFO  unknown unknown org.springframework.aop.framework.CglibAopProxy @ Unable to proxy interface-implementing method [public final java.lang.Iterable org.dspace.app.rest.repository.DSpaceRestRepository.findAll(org.springframework.data.domain.Sort)] because it is marked as final: Consider using interface-based JDK proxies instead!
2023-08-14 12:37:56,697 INFO  unknown unknown org.springframework.aop.framework.CglibAopProxy @ Unable to proxy interface-implementing method [public final java.lang.Iterable org.dspace.app.rest.repository.DSpaceRestRepository.findAll()] because it is marked as final: Consider using interface-based JDK proxies instead!
2023-08-14 12:37:56,710 INFO  unknown unknown org.springframework.aop.framework.CglibAopProxy @ Unable to proxy interface-implementing method [public final java.lang.Iterable org.dspace.app.rest.repository.DSpaceRestRepository.findAll(org.springframework.data.domain.Sort)] because it is marked as final: Consider using interface-based JDK proxies instead!
2023-08-14 12:37:56,711 INFO  unknown unknown org.springframework.aop.framework.CglibAopProxy @ Unable to proxy interface-implementing method [public final java.lang.Iterable org.dspace.app.rest.repository.DSpaceRestRepository.findAll()] because it is marked as final: Consider using interface-based JDK proxies instead!
2023-08-14 12:37:56,725 INFO  unknown unknown org.springframework.aop.framework.CglibAopProxy @ Unable to proxy interface-implementing method [public final java.lang.Iterable org.dspace.app.rest.repository.DSpaceRestRepository.findAll(org.springframework.data.domain.Sort)] because it is marked as final: Consider using interface-based JDK proxies instead!
2023-08-14 12:37:56,725 INFO  unknown unknown org.springframework.aop.framework.CglibAopProxy @ Unable to proxy interface-implementing method [public final java.lang.Iterable org.dspace.app.rest.repository.DSpaceRestRepository.findAll()] because it is marked as final: Consider using interface-based JDK proxies instead!
2023-08-14 12:37:56,750 INFO  unknown unknown org.springframework.aop.framework.CglibAopProxy @ Unable to proxy interface-implementing method [public final java.lang.Iterable org.dspace.app.rest.repository.DSpaceRestRepository.findAll(org.springframework.data.domain.Sort)] because it is marked as final: Consider using interface-based JDK proxies instead!
2023-08-14 12:37:56,750 INFO  unknown unknown org.springframework.aop.framework.CglibAopProxy @ Unable to proxy interface-implementing method [public final java.lang.Iterable org.dspace.app.rest.repository.DSpaceRestRepository.findAll()] because it is marked as final: Consider using interface-based JDK proxies instead!
2023-08-14 12:37:56,763 INFO  unknown unknown org.springframework.aop.framework.CglibAopProxy @ Unable to proxy interface-implementing method [public final java.lang.Iterable org.dspace.app.rest.repository.DSpaceRestRepository.findAll(org.springframework.data.domain.Sort)] because it is marked as final: Consider using interface-based JDK proxies instead!
2023-08-14 12:37:56,763 INFO  unknown unknown org.springframework.aop.framework.CglibAopProxy @ Unable to proxy interface-implementing method [public final java.lang.Iterable org.dspace.app.rest.repository.DSpaceRestRepository.findAll()] because it is marked as final: Consider using interface-based JDK proxies instead!
2023-08-14 12:37:56,831 INFO  unknown unknown org.springframework.aop.framework.CglibAopProxy @ Unable to proxy interface-implementing method [public final java.lang.Iterable org.dspace.app.rest.repository.DSpaceRestRepository.findAll(org.springframework.data.domain.Sort)] because it is marked as final: Consider using interface-based JDK proxies instead!
2023-08-14 12:37:56,831 INFO  unknown unknown org.springframework.aop.framework.CglibAopProxy @ Unable to proxy interface-implementing method [public final java.lang.Iterable org.dspace.app.rest.repository.DSpaceRestRepository.findAll()] because it is marked as final: Consider using interface-based JDK proxies instead!
2023-08-14 12:37:56,841 INFO  unknown unknown org.springframework.aop.framework.CglibAopProxy @ Unable to proxy interface-implementing method [public final java.lang.Iterable org.dspace.app.rest.repository.DSpaceRestRepository.findAll(org.springframework.data.domain.Sort)] because it is marked as final: Consider using interface-based JDK proxies instead!
2023-08-14 12:37:56,842 INFO  unknown unknown org.springframework.aop.framework.CglibAopProxy @ Unable to proxy interface-implementing method [public final java.lang.Iterable org.dspace.app.rest.repository.DSpaceRestRepository.findAll()] because it is marked as final: Consider using interface-based JDK proxies instead!
2023-08-14 12:37:56,853 INFO  unknown unknown org.springframework.aop.framework.CglibAopProxy @ Unable to proxy interface-implementing method [public final java.lang.Iterable org.dspace.app.rest.repository.DSpaceRestRepository.findAll(org.springframework.data.domain.Sort)] because it is marked as final: Consider using interface-based JDK proxies instead!
2023-08-14 12:37:56,853 INFO  unknown unknown org.springframework.aop.framework.CglibAopProxy @ Unable to proxy interface-implementing method [public final java.lang.Iterable org.dspace.app.rest.repository.DSpaceRestRepository.findAll()] because it is marked as final: Consider using interface-based JDK proxies instead!
2023-08-14 12:37:56,875 INFO  unknown unknown org.springframework.aop.framework.CglibAopProxy @ Unable to proxy interface-implementing method [public final java.lang.Iterable org.dspace.app.rest.repository.DSpaceRestRepository.findAll(org.springframework.data.domain.Sort)] because it is marked as final: Consider using interface-based JDK proxies instead!
2023-08-14 12:37:56,875 INFO  unknown unknown org.springframework.aop.framework.CglibAopProxy @ Unable to proxy interface-implementing method [public final java.lang.Iterable org.dspace.app.rest.repository.DSpaceRestRepository.findAll()] because it is marked as final: Consider using interface-based JDK proxies instead!
2023-08-14 12:37:56,894 INFO  unknown unknown org.springframework.aop.framework.CglibAopProxy @ Unable to proxy interface-implementing method [public final java.lang.Iterable org.dspace.app.rest.repository.DSpaceRestRepository.findAll(org.springframework.data.domain.Sort)] because it is marked as final: Consider using interface-based JDK proxies instead!
2023-08-14 12:37:56,894 INFO  unknown unknown org.springframework.aop.framework.CglibAopProxy @ Unable to proxy interface-implementing method [public final java.lang.Iterable org.dspace.app.rest.repository.DSpaceRestRepository.findAll()] because it is marked as final: Consider using interface-based JDK proxies instead!
2023-08-14 12:37:56,910 INFO  unknown unknown org.springframework.aop.framework.CglibAopProxy @ Unable to proxy interface-implementing method [public final java.lang.Iterable org.dspace.app.rest.repository.DSpaceRestRepository.findAll(org.springframework.data.domain.Sort)] because it is marked as final: Consider using interface-based JDK proxies instead!
2023-08-14 12:37:56,910 INFO  unknown unknown org.springframework.aop.framework.CglibAopProxy @ Unable to proxy interface-implementing method [public final java.lang.Iterable org.dspace.app.rest.repository.DSpaceRestRepository.findAll()] because it is marked as final: Consider using interface-based JDK proxies instead!
2023-08-14 12:37:56,922 INFO  unknown unknown org.springframework.aop.framework.CglibAopProxy @ Unable to proxy interface-implementing method [public final java.lang.Iterable org.dspace.app.rest.repository.DSpaceRestRepository.findAll(org.springframework.data.domain.Sort)] because it is marked as final: Consider using interface-based JDK proxies instead!
2023-08-14 12:37:56,922 INFO  unknown unknown org.springframework.aop.framework.CglibAopProxy @ Unable to proxy interface-implementing method [public final java.lang.Iterable org.dspace.app.rest.repository.DSpaceRestRepository.findAll()] because it is marked as final: Consider using interface-based JDK proxies instead!
2023-08-14 12:37:56,942 INFO  unknown unknown org.springframework.aop.framework.CglibAopProxy @ Unable to proxy interface-implementing method [public final java.lang.Iterable org.dspace.app.rest.repository.DSpaceRestRepository.findAll(org.springframework.data.domain.Sort)] because it is marked as final: Consider using interface-based JDK proxies instead!
2023-08-14 12:37:56,942 INFO  unknown unknown org.springframework.aop.framework.CglibAopProxy @ Unable to proxy interface-implementing method [public final java.lang.Iterable org.dspace.app.rest.repository.DSpaceRestRepository.findAll()] because it is marked as final: Consider using interface-based JDK proxies instead!
2023-08-14 12:37:56,955 INFO  unknown unknown org.springframework.aop.framework.CglibAopProxy @ Unable to proxy interface-implementing method [public final java.lang.Iterable org.dspace.app.rest.repository.DSpaceRestRepository.findAll(org.springframework.data.domain.Sort)] because it is marked as final: Consider using interface-based JDK proxies instead!
2023-08-14 12:37:56,956 INFO  unknown unknown org.springframework.aop.framework.CglibAopProxy @ Unable to proxy interface-implementing method [public final java.lang.Iterable org.dspace.app.rest.repository.DSpaceRestRepository.findAll()] because it is marked as final: Consider using interface-based JDK proxies instead!
2023-08-14 12:37:56,967 INFO  unknown unknown org.springframework.aop.framework.CglibAopProxy @ Unable to proxy interface-implementing method [public final java.lang.Iterable org.dspace.app.rest.repository.DSpaceRestRepository.findAll(org.springframework.data.domain.Sort)] because it is marked as final: Consider using interface-based JDK proxies instead!
2023-08-14 12:37:56,967 INFO  unknown unknown org.springframework.aop.framework.CglibAopProxy @ Unable to proxy interface-implementing method [public final java.lang.Iterable org.dspace.app.rest.repository.DSpaceRestRepository.findAll()] because it is marked as final: Consider using interface-based JDK proxies instead!
2023-08-14 12:37:56,977 INFO  unknown unknown org.springframework.aop.framework.CglibAopProxy @ Unable to proxy interface-implementing method [public final java.lang.Iterable org.dspace.app.rest.repository.DSpaceRestRepository.findAll(org.springframework.data.domain.Sort)] because it is marked as final: Consider using interface-based JDK proxies instead!
2023-08-14 12:37:56,977 INFO  unknown unknown org.springframework.aop.framework.CglibAopProxy @ Unable to proxy interface-implementing method [public final java.lang.Iterable org.dspace.app.rest.repository.DSpaceRestRepository.findAll()] because it is marked as final: Consider using interface-based JDK proxies instead!
2023-08-14 12:37:56,990 INFO  unknown unknown org.springframework.aop.framework.CglibAopProxy @ Unable to proxy interface-implementing method [public final java.lang.Iterable org.dspace.app.rest.repository.DSpaceRestRepository.findAll(org.springframework.data.domain.Sort)] because it is marked as final: Consider using interface-based JDK proxies instead!
2023-08-14 12:37:56,990 INFO  unknown unknown org.springframework.aop.framework.CglibAopProxy @ Unable to proxy interface-implementing method [public final java.lang.Iterable org.dspace.app.rest.repository.DSpaceRestRepository.findAll()] because it is marked as final: Consider using interface-based JDK proxies instead!
2023-08-14 12:37:57,002 INFO  unknown unknown org.springframework.aop.framework.CglibAopProxy @ Unable to proxy interface-implementing method [public final java.lang.Iterable org.dspace.app.rest.repository.DSpaceRestRepository.findAll(org.springframework.data.domain.Sort)] because it is marked as final: Consider using interface-based JDK proxies instead!
2023-08-14 12:37:57,002 INFO  unknown unknown org.springframework.aop.framework.CglibAopProxy @ Unable to proxy interface-implementing method [public final java.lang.Iterable org.dspace.app.rest.repository.DSpaceRestRepository.findAll()] because it is marked as final: Consider using interface-based JDK proxies instead!
2023-08-14 12:37:57,015 INFO  unknown unknown org.springframework.aop.framework.CglibAopProxy @ Unable to proxy interface-implementing method [public final java.lang.Iterable org.dspace.app.rest.repository.DSpaceRestRepository.findAll(org.springframework.data.domain.Sort)] because it is marked as final: Consider using interface-based JDK proxies instead!
2023-08-14 12:37:57,015 INFO  unknown unknown org.springframework.aop.framework.CglibAopProxy @ Unable to proxy interface-implementing method [public final java.lang.Iterable org.dspace.app.rest.repository.DSpaceRestRepository.findAll()] because it is marked as final: Consider using interface-based JDK proxies instead!
2023-08-14 12:37:57,054 INFO  unknown unknown org.springframework.aop.framework.CglibAopProxy @ Unable to proxy interface-implementing method [public final java.lang.Iterable org.dspace.app.rest.repository.DSpaceRestRepository.findAll(org.springframework.data.domain.Sort)] because it is marked as final: Consider using interface-based JDK proxies instead!
2023-08-14 12:37:57,054 INFO  unknown unknown org.springframework.aop.framework.CglibAopProxy @ Unable to proxy interface-implementing method [public final java.lang.Iterable org.dspace.app.rest.repository.DSpaceRestRepository.findAll()] because it is marked as final: Consider using interface-based JDK proxies instead!
2023-08-14 12:37:57,065 INFO  unknown unknown org.springframework.aop.framework.CglibAopProxy @ Unable to proxy interface-implementing method [public final java.lang.Iterable org.dspace.app.rest.repository.DSpaceRestRepository.findAll(org.springframework.data.domain.Sort)] because it is marked as final: Consider using interface-based JDK proxies instead!
2023-08-14 12:37:57,065 INFO  unknown unknown org.springframework.aop.framework.CglibAopProxy @ Unable to proxy interface-implementing method [public final java.lang.Iterable org.dspace.app.rest.repository.DSpaceRestRepository.findAll()] because it is marked as final: Consider using interface-based JDK proxies instead!
2023-08-14 12:37:57,078 INFO  unknown unknown org.springframework.aop.framework.CglibAopProxy @ Unable to proxy interface-implementing method [public final java.lang.Iterable org.dspace.app.rest.repository.DSpaceRestRepository.findAll(org.springframework.data.domain.Sort)] because it is marked as final: Consider using interface-based JDK proxies instead!
2023-08-14 12:37:57,079 INFO  unknown unknown org.springframework.aop.framework.CglibAopProxy @ Unable to proxy interface-implementing method [public final java.lang.Iterable org.dspace.app.rest.repository.DSpaceRestRepository.findAll()] because it is marked as final: Consider using interface-based JDK proxies instead!
2023-08-14 12:37:57,097 INFO  unknown unknown org.springframework.aop.framework.CglibAopProxy @ Unable to proxy interface-implementing method [public final java.lang.Iterable org.dspace.app.rest.repository.DSpaceRestRepository.findAll(org.springframework.data.domain.Sort)] because it is marked as final: Consider using interface-based JDK proxies instead!
2023-08-14 12:37:57,098 INFO  unknown unknown org.springframework.aop.framework.CglibAopProxy @ Unable to proxy interface-implementing method [public final java.lang.Iterable org.dspace.app.rest.repository.DSpaceRestRepository.findAll()] because it is marked as final: Consider using interface-based JDK proxies instead!
2023-08-14 12:37:57,111 INFO  unknown unknown org.springframework.aop.framework.CglibAopProxy @ Unable to proxy interface-implementing method [public final java.lang.Iterable org.dspace.app.rest.repository.DSpaceRestRepository.findAll(org.springframework.data.domain.Sort)] because it is marked as final: Consider using interface-based JDK proxies instead!
2023-08-14 12:37:57,111 INFO  unknown unknown org.springframework.aop.framework.CglibAopProxy @ Unable to proxy interface-implementing method [public final java.lang.Iterable org.dspace.app.rest.repository.DSpaceRestRepository.findAll()] because it is marked as final: Consider using interface-based JDK proxies instead!
2023-08-14 12:37:57,138 INFO  unknown unknown org.springframework.aop.framework.CglibAopProxy @ Unable to proxy interface-implementing method [public final java.lang.Iterable org.dspace.app.rest.repository.DSpaceRestRepository.findAll(org.springframework.data.domain.Sort)] because it is marked as final: Consider using interface-based JDK proxies instead!
2023-08-14 12:37:57,138 INFO  unknown unknown org.springframework.aop.framework.CglibAopProxy @ Unable to proxy interface-implementing method [public final java.lang.Iterable org.dspace.app.rest.repository.DSpaceRestRepository.findAll()] because it is marked as final: Consider using interface-based JDK proxies instead!
2023-08-14 12:37:57,153 INFO  unknown unknown org.springframework.aop.framework.CglibAopProxy @ Unable to proxy interface-implementing method [public final java.lang.Iterable org.dspace.app.rest.repository.DSpaceRestRepository.findAll(org.springframework.data.domain.Sort)] because it is marked as final: Consider using interface-based JDK proxies instead!
2023-08-14 12:37:57,154 INFO  unknown unknown org.springframework.aop.framework.CglibAopProxy @ Unable to proxy interface-implementing method [public final java.lang.Iterable org.dspace.app.rest.repository.DSpaceRestRepository.findAll()] because it is marked as final: Consider using interface-based JDK proxies instead!
2023-08-14 12:37:57,163 INFO  unknown unknown org.springframework.aop.framework.CglibAopProxy @ Unable to proxy interface-implementing method [public final java.lang.Iterable org.dspace.app.rest.repository.DSpaceRestRepository.findAll(org.springframework.data.domain.Sort)] because it is marked as final: Consider using interface-based JDK proxies instead!
2023-08-14 12:37:57,163 INFO  unknown unknown org.springframework.aop.framework.CglibAopProxy @ Unable to proxy interface-implementing method [public final java.lang.Iterable org.dspace.app.rest.repository.DSpaceRestRepository.findAll()] because it is marked as final: Consider using interface-based JDK proxies instead!
2023-08-14 12:37:57,173 INFO  unknown unknown org.springframework.aop.framework.CglibAopProxy @ Unable to proxy interface-implementing method [public final java.lang.Iterable org.dspace.app.rest.repository.DSpaceRestRepository.findAll(org.springframework.data.domain.Sort)] because it is marked as final: Consider using interface-based JDK proxies instead!
2023-08-14 12:37:57,173 INFO  unknown unknown org.springframework.aop.framework.CglibAopProxy @ Unable to proxy interface-implementing method [public final java.lang.Iterable org.dspace.app.rest.repository.DSpaceRestRepository.findAll()] because it is marked as final: Consider using interface-based JDK proxies instead!
2023-08-14 12:37:57,188 INFO  unknown unknown org.springframework.aop.framework.CglibAopProxy @ Unable to proxy interface-implementing method [public final java.lang.Iterable org.dspace.app.rest.repository.DSpaceRestRepository.findAll(org.springframework.data.domain.Sort)] because it is marked as final: Consider using interface-based JDK proxies instead!
2023-08-14 12:37:57,188 INFO  unknown unknown org.springframework.aop.framework.CglibAopProxy @ Unable to proxy interface-implementing method [public final java.lang.Iterable org.dspace.app.rest.repository.DSpaceRestRepository.findAll()] because it is marked as final: Consider using interface-based JDK proxies instead!
2023-08-14 12:37:57,200 INFO  unknown unknown org.springframework.aop.framework.CglibAopProxy @ Unable to proxy interface-implementing method [public final java.lang.Iterable org.dspace.app.rest.repository.DSpaceRestRepository.findAll(org.springframework.data.domain.Sort)] because it is marked as final: Consider using interface-based JDK proxies instead!
2023-08-14 12:37:57,200 INFO  unknown unknown org.springframework.aop.framework.CglibAopProxy @ Unable to proxy interface-implementing method [public final java.lang.Iterable org.dspace.app.rest.repository.DSpaceRestRepository.findAll()] because it is marked as final: Consider using interface-based JDK proxies instead!
2023-08-14 12:37:57,215 INFO  unknown unknown org.springframework.aop.framework.CglibAopProxy @ Unable to proxy interface-implementing method [public final java.lang.Iterable org.dspace.app.rest.repository.DSpaceRestRepository.findAll(org.springframework.data.domain.Sort)] because it is marked as final: Consider using interface-based JDK proxies instead!
2023-08-14 12:37:57,215 INFO  unknown unknown org.springframework.aop.framework.CglibAopProxy @ Unable to proxy interface-implementing method [public final java.lang.Iterable org.dspace.app.rest.repository.DSpaceRestRepository.findAll()] because it is marked as final: Consider using interface-based JDK proxies instead!
2023-08-14 12:37:58,163 INFO  unknown unknown org.jtwig.spring.boot.JtwigAutoConfiguration @ Jtwig View Resolver configurer provided, applying custom configuration
2023-08-14 12:37:58,163 INFO  unknown unknown org.jtwig.spring.boot.JtwigAutoConfiguration @ Jtwig View Resolver bean added to the context
2023-08-14 12:37:58,823 INFO  unknown unknown org.dspace.app.rest.Application @ Started Application in 14.386 seconds (JVM running for 20.608)
2023-08-14 12:37:58,858 INFO  unknown unknown org.ehcache.core.EhcacheManager @ Cache 'org.dspace.content.MetadataSchema' removed from Eh107InternalCacheManager.
2023-08-14 12:37:58,859 INFO  unknown unknown org.ehcache.core.EhcacheManager @ Cache 'default-query-results-region' removed from Eh107InternalCacheManager.
2023-08-14 12:37:58,859 INFO  unknown unknown org.ehcache.core.EhcacheManager @ Cache 'org.dspace.content.MetadataField' removed from Eh107InternalCacheManager.
2023-08-14 12:37:58,859 INFO  unknown unknown org.ehcache.core.EhcacheManager @ Cache 'org.dspace.alerts.SystemWideAlert' removed from Eh107InternalCacheManager.
2023-08-14 12:37:58,860 INFO  unknown unknown org.ehcache.core.EhcacheManager @ Cache 'org.dspace.content.Community' removed from Eh107InternalCacheManager.
2023-08-14 12:37:58,860 INFO  unknown unknown org.ehcache.core.EhcacheManager @ Cache 'default-update-timestamps-region' removed from Eh107InternalCacheManager.
2023-08-14 12:37:58,860 INFO  unknown unknown org.ehcache.core.EhcacheManager @ Cache 'org.dspace.content.Collection' removed from Eh107InternalCacheManager.
2023-08-14 12:37:58,860 INFO  unknown unknown org.ehcache.core.EhcacheManager @ Cache 'org.dspace.content.Site' removed from Eh107InternalCacheManager.
2023-08-14 12:37:58,861 INFO  unknown unknown org.ehcache.core.EhcacheManager @ Cache 'org.dspace.eperson.EPerson' removed from Eh107InternalCacheManager.
2023-08-14 12:37:58,861 INFO  unknown unknown org.ehcache.core.EhcacheManager @ Cache 'org.dspace.eperson.Group' removed from Eh107InternalCacheManager.
2023-08-14 12:37:58,911 INFO  unknown unknown org.ehcache.core.EhcacheManager @ Cache 'sherpa.searchByJournalISSN' removed from Eh107InternalCacheManager.
2023-08-14 12:37:58,911 INFO  unknown unknown org.ehcache.core.EhcacheManager @ Cache 'manifests' removed from Eh107InternalCacheManager.
2023-08-14 12:37:58,912 INFO  unknown unknown org.ehcache.core.EhcacheManager @ Cache 'canvasdimensions' removed from Eh107InternalCacheManager.
